[debug] [2021-08-06T16:38:38.442Z] ----------------------------------------------------------------------
[debug] [2021-08-06T16:38:38.443Z] Command:       /usr/local/bin/firebase /Users/nicolofranceschi/.cache/firebase/tools/lib/node_modules/firebase-tools/lib/bin/firebase deploy
[debug] [2021-08-06T16:38:38.443Z] CLI Version:   9.16.0
[debug] [2021-08-06T16:38:38.444Z] Platform:      darwin
[debug] [2021-08-06T16:38:38.444Z] Node Version:  v12.18.1
[debug] [2021-08-06T16:38:38.449Z] Time:          Fri Aug 06 2021 18:38:38 GMT+0200 (GMT+02:00)
[debug] [2021-08-06T16:38:38.449Z] ----------------------------------------------------------------------
[debug] 
[debug] [2021-08-06T16:38:38.494Z] > command requires scopes: ["email","openid","https://www.googleapis.com/auth/cloudplatformprojects.readonly","https://www.googleapis.com/auth/firebase","https://www.googleapis.com/auth/cloud-platform"]
[debug] [2021-08-06T16:38:38.494Z] > authorizing via signed-in user (franceschinicolo@gmail.com)
[debug] [2021-08-06T16:38:38.494Z] [iam] checking project sagrabot for permissions ["firebase.projects.get","firebasehosting.sites.update"]
[debug] [2021-08-06T16:38:38.497Z] > refreshing access token with scopes: ["email","https://www.googleapis.com/auth/cloud-platform","https://www.googleapis.com/auth/cloudplatformprojects.readonly","https://www.googleapis.com/auth/firebase","openid"]
[debug] [2021-08-06T16:38:38.497Z] >>> HTTP REQUEST POST https://www.googleapis.com/oauth2/v3/token  
 <request body omitted>
[debug] [2021-08-06T16:38:38.792Z] <<< HTTP RESPONSE 200 {"expires":"Mon, 01 Jan 1990 00:00:00 GMT","date":"Fri, 06 Aug 2021 16:38:38 GMT","cache-control":"no-cache, no-store, max-age=0, must-revalidate","pragma":"no-cache","content-type":"application/json; charset=utf-8","vary":"X-Origin, Referer, Origin,Accept-Encoding","server":"scaffolding on HTTPServer2","x-xss-protection":"0","x-frame-options":"SAMEORIGIN","x-content-type-options":"nosniff","alt-svc":"h3=\":443\"; ma=2592000,h3-29=\":443\"; ma=2592000,h3-T051=\":443\"; ma=2592000,h3-Q050=\":443\"; ma=2592000,h3-Q046=\":443\"; ma=2592000,h3-Q043=\":443\"; ma=2592000,quic=\":443\"; ma=2592000; v=\"46,43\"","accept-ranges":"none","transfer-encoding":"chunked"}
[debug] [2021-08-06T16:38:38.851Z] >>> HTTP REQUEST POST https://cloudresourcemanager.googleapis.com/v1/projects/sagrabot:testIamPermissions  
 {"permissions":["firebase.projects.get","firebasehosting.sites.update"]}
[debug] [2021-08-06T16:38:39.740Z] <<< HTTP RESPONSE 200 {"content-type":"application/json; charset=UTF-8","vary":"X-Origin, Referer, Origin,Accept-Encoding","date":"Fri, 06 Aug 2021 16:38:39 GMT","server":"ESF","cache-control":"private","x-xss-protection":"0","x-frame-options":"SAMEORIGIN","x-content-type-options":"nosniff","server-timing":"gfet4t7; dur=649","alt-svc":"h3=\":443\"; ma=2592000,h3-29=\":443\"; ma=2592000,h3-T051=\":443\"; ma=2592000,h3-Q050=\":443\"; ma=2592000,h3-Q046=\":443\"; ma=2592000,h3-Q043=\":443\"; ma=2592000,quic=\":443\"; ma=2592000; v=\"46,43\"","accept-ranges":"none","transfer-encoding":"chunked"}
[debug] [2021-08-06T16:38:39.742Z] > refreshing access token with scopes: []
[debug] [2021-08-06T16:38:39.742Z] >>> HTTP REQUEST POST https://www.googleapis.com/oauth2/v3/token  
 <request body omitted>
[debug] [2021-08-06T16:38:39.979Z] <<< HTTP RESPONSE 200 {"date":"Fri, 06 Aug 2021 16:38:40 GMT","pragma":"no-cache","expires":"Mon, 01 Jan 1990 00:00:00 GMT","cache-control":"no-cache, no-store, max-age=0, must-revalidate","content-type":"application/json; charset=utf-8","vary":"X-Origin, Referer, Origin,Accept-Encoding","server":"scaffolding on HTTPServer2","x-xss-protection":"0","x-frame-options":"SAMEORIGIN","x-content-type-options":"nosniff","alt-svc":"h3=\":443\"; ma=2592000,h3-29=\":443\"; ma=2592000,h3-T051=\":443\"; ma=2592000,h3-Q050=\":443\"; ma=2592000,h3-Q046=\":443\"; ma=2592000,h3-Q043=\":443\"; ma=2592000,quic=\":443\"; ma=2592000; v=\"46,43\"","accept-ranges":"none","transfer-encoding":"chunked"}
[debug] [2021-08-06T16:38:40.029Z] >>> [apiv2][query] GET https://firebase.googleapis.com/v1beta1/projects/sagrabot [none]
[debug] [2021-08-06T16:38:40.417Z] <<< [apiv2][status] GET https://firebase.googleapis.com/v1beta1/projects/sagrabot 200
[debug] [2021-08-06T16:38:40.417Z] <<< [apiv2][body] GET https://firebase.googleapis.com/v1beta1/projects/sagrabot {"projectId":"sagrabot","projectNumber":"583569284042","displayName":"SagraBot","name":"projects/sagrabot","resources":{"hostingSite":"sagrabot","realtimeDatabaseInstance":"sagrabot-default-rtdb","storageBucket":"sagrabot.appspot.com","locationId":"europe-west"},"state":"ACTIVE"}
[info] 
[info] === Deploying to 'sagrabot'...
[info] 
[info] i  deploying hosting 
[debug] [2021-08-06T16:38:40.421Z] > refreshing access token with scopes: ["email","https://www.googleapis.com/auth/cloud-platform","https://www.googleapis.com/auth/cloudplatformprojects.readonly","https://www.googleapis.com/auth/firebase","openid"]
[debug] [2021-08-06T16:38:40.421Z] >>> HTTP REQUEST POST https://www.googleapis.com/oauth2/v3/token  
 <request body omitted>
[debug] [2021-08-06T16:38:40.814Z] <<< HTTP RESPONSE 200 {"expires":"Mon, 01 Jan 1990 00:00:00 GMT","pragma":"no-cache","date":"Fri, 06 Aug 2021 16:38:40 GMT","cache-control":"no-cache, no-store, max-age=0, must-revalidate","content-type":"application/json; charset=utf-8","vary":"X-Origin, Referer, Origin,Accept-Encoding","server":"scaffolding on HTTPServer2","x-xss-protection":"0","x-frame-options":"SAMEORIGIN","x-content-type-options":"nosniff","alt-svc":"h3=\":443\"; ma=2592000,h3-29=\":443\"; ma=2592000,h3-T051=\":443\"; ma=2592000,h3-Q050=\":443\"; ma=2592000,h3-Q046=\":443\"; ma=2592000,h3-Q043=\":443\"; ma=2592000,quic=\":443\"; ma=2592000; v=\"46,43\"","accept-ranges":"none","transfer-encoding":"chunked"}
[debug] [2021-08-06T16:38:40.863Z] >>> HTTP REQUEST POST https://firebasehosting.googleapis.com/v1beta1/sites/sagrabot/versions  
 {"config":{"rewrites":[{"glob":"**","path":"/index.html"}]},"labels":{"deployment-tool":"cli-firebase"}}
[debug] [2021-08-06T16:38:42.482Z] <<< HTTP RESPONSE 200 {"content-type":"application/json; charset=UTF-8","vary":"X-Origin, Referer, Origin,Accept-Encoding","date":"Fri, 06 Aug 2021 16:38:42 GMT","server":"ESF","cache-control":"private","x-xss-protection":"0","x-frame-options":"SAMEORIGIN","x-content-type-options":"nosniff","alt-svc":"h3=\":443\"; ma=2592000,h3-29=\":443\"; ma=2592000,h3-T051=\":443\"; ma=2592000,h3-Q050=\":443\"; ma=2592000,h3-Q046=\":443\"; ma=2592000,h3-Q043=\":443\"; ma=2592000,quic=\":443\"; ma=2592000; v=\"46,43\"","accept-ranges":"none","transfer-encoding":"chunked"}
[info] i  hosting[sagrabot]: beginning deploy... 
[info] i  hosting[sagrabot]: found 32 files in build 
[debug] [2021-08-06T16:38:42.931Z] > refreshing access token with scopes: []
[debug] [2021-08-06T16:38:42.931Z] >>> HTTP REQUEST POST https://www.googleapis.com/oauth2/v3/token  
 <request body omitted>
[debug] [2021-08-06T16:38:42.933Z] [hosting] hash cache [YnVpbGQ] stored for 32 files
[debug] [2021-08-06T16:38:42.933Z] [hosting][hash queue][FINAL] {"max":411,"min":17,"avg":33.84374999999999,"active":0,"complete":32,"success":32,"errored":0,"retried":0,"total":32,"elapsed":418}
[debug] [2021-08-06T16:38:43.445Z] <<< HTTP RESPONSE 200 {"pragma":"no-cache","date":"Fri, 06 Aug 2021 16:38:43 GMT","cache-control":"no-cache, no-store, max-age=0, must-revalidate","expires":"Mon, 01 Jan 1990 00:00:00 GMT","content-type":"application/json; charset=utf-8","vary":"X-Origin, Referer, Origin,Accept-Encoding","server":"scaffolding on HTTPServer2","x-xss-protection":"0","x-frame-options":"SAMEORIGIN","x-content-type-options":"nosniff","alt-svc":"h3=\":443\"; ma=2592000,h3-29=\":443\"; ma=2592000,h3-T051=\":443\"; ma=2592000,h3-Q050=\":443\"; ma=2592000,h3-Q046=\":443\"; ma=2592000,h3-Q043=\":443\"; ma=2592000,quic=\":443\"; ma=2592000; v=\"46,43\"","accept-ranges":"none","transfer-encoding":"chunked"}
[debug] [2021-08-06T16:38:43.498Z] >>> [apiv2][query] POST https://firebasehosting.googleapis.com/v1beta1/sites/sagrabot/versions/4f47f0be592587f1:populateFiles [none]
[debug] [2021-08-06T16:38:43.498Z] >>> [apiv2][body] POST https://firebasehosting.googleapis.com/v1beta1/sites/sagrabot/versions/4f47f0be592587f1:populateFiles {"files":{"/asset-manifest.json":"e9a2a440a963dfbb113c7e0b2f99a71c23b25450775069f620434b3cb11b4f73","/index.html":"ee22bee7f156e1452c5afca0732a97a855d23907e585dbe12b8790c8cab43e27","/favicon.ico":"32ead1aaef74353123b1f7bbcf38e488d9a91e81c9da94c101cc9884a9ac99ef","/firebase-messaging-sw.js":"39c0846d588e3aaed20ba127e01ebcaaed112490d8217cc3511fd4b9b64b4d95","/static/css/main.2645f801.chunk.css":"2b679d7279bc2c9ff2e83f9c04294b5076ca955495b3121011acad80a37386dc","/static/css/2.102e1239.chunk.css":"e5b4df9ea08514f81c06761934a4be4992e307c6ed5225dbc5badf60e9f8e1c1","/static/css/main.2645f801.chunk.css.map":"1c8e93c63a0f53ef6c7af845ae0aa1305c76868f2dda1bcd6269a8e7d2d9d2f0","/logo.png":"32ead1aaef74353123b1f7bbcf38e488d9a91e81c9da94c101cc9884a9ac99ef","/static/js/2.6f0f1be1.chunk.js.LICENSE.txt":"b6f37869541c28b177960116ede5de7a8af34d8c1d2400a22c08932fde0713af","/static/css/2.102e1239.chunk.css.map":"8e5cb4d5ca3339550e0d313c0ce1f404e9646b9db2b762d535dae2d6261a45c1","/manifest.json":"bc47b31bcbdde9c9c4d00c34131bfeb4101ca760f3c5177c7262c5451b85d834","/static/js/3.43e7c6e3.chunk.js":"5b7fec757669f54154a85e739f50243d6f68fa856dc1cfdc1765f8077a5e07c6","/service-worker.js":"7e69b08cbbe5d60155b418e50ec1f1c2cb67ac215997a7c1347cc002583c0238","/todo.txt":"66b5aa507083e1d5aa5bdf7f95e24166aeadd3a7d8cea8b7499e1f25f85609b5","/static/js/4.f6c1fdb2.chunk.js":"0c371d89c12f6bc79c45d66e0d04cc00c6c34a1065df600a71204004f8dd4d44","/static/js/runtime-main.03ffdced.js":"589e7b93864f3051b934a22424af11123fea0115ebcc8030b6f85bbc445c92b3","/static/js/3.43e7c6e3.chunk.js.map":"739d024e910d08e98c96671c90fca7f6f00fb14a029c02ad15b27537bc70a3fc","/static/js/4.f6c1fdb2.chunk.js.map":"ac90b798c87776ff8da98d89beb76edbdff511f3c77e2b0f1b9900397e3abc50","/static/js/runtime-main.03ffdced.js.map":"dd3bb800c953a6d33d903beeebebfbf98a39c6c2ed18802d0310085de757869f","/static/media/allergie.d1b06bd6.png":"4ecf17cd298285b28d1da48544d5770ec2b5c143f3b90b6b77b248d05c4b2b31","/static/media/blue.73192045.png":"2fd12e199174b290290043b216110892858054b3ac64546a2114f51cd07a0325","/static/media/MENU1.118ef15a.png":"65c77abd1df4250163323c190f1f0c43fdad7d40ced7a9bfc3256133a34111a5","/static/media/MENU2.21c32165.png":"86296b00d63da8c5d47fa39ee676c2559669dfbc14bc9dd1841c5c2b12dafbeb","/static/media/verde.fad404aa.png":"719a5506b37a45ec368aea14c110eed7d1159b88c95317fb6e0d3c74f119b3e1","/static/media/MENU0.09b25bb3.png":"b68c4443e19b691ef5281836918bd6d36dce7a2382eff11953034e75abd78fec","/static/media/MENU3.fae755bf.png":"9917f1d932057f5fb9f6cefcb92bbd37dac8dd14ef4852f68cd73e1339a5ec95","/static/js/main.d95d4c7a.chunk.js":"dc6bf61b6434c48a08d4767fa792e92ad71766b38d5546ecfa2c4ace25a5caaa","/static/media/icon.99af42d2.png":"8fd2bac477fe125e183c729edfe26656d1fad80194dfaa0ae1185919c485c0d2","/static/js/main.d95d4c7a.chunk.js.map":"7c0489d195faa7eb6f983c0abc52a8df77a46123ebcf3e927074f7fd0faa65be","/service-worker.js.map":"0c7e71a80a44e5fee11713bfb583de273d626914d6c7166b6a44b67cdf53a23c","/static/js/2.6f0f1be1.chunk.js":"3d51c1dbe8edca4f4e5a4ae02911fe59267b301f2669a81d863cc4d514947613","/static/js/2.6f0f1be1.chunk.js.map":"dd73430f17aee1616924080e5928fcbafe37963f6eafb8efd9e8d73d9f3c0c63"}}
[debug] [2021-08-06T16:38:44.889Z] <<< [apiv2][status] POST https://firebasehosting.googleapis.com/v1beta1/sites/sagrabot/versions/4f47f0be592587f1:populateFiles 200
[debug] [2021-08-06T16:38:44.890Z] <<< [apiv2][body] POST https://firebasehosting.googleapis.com/v1beta1/sites/sagrabot/versions/4f47f0be592587f1:populateFiles {"uploadRequiredHashes":["dd73430f17aee1616924080e5928fcbafe37963f6eafb8efd9e8d73d9f3c0c63","ee22bee7f156e1452c5afca0732a97a855d23907e585dbe12b8790c8cab43e27","dd3bb800c953a6d33d903beeebebfbf98a39c6c2ed18802d0310085de757869f","ac90b798c87776ff8da98d89beb76edbdff511f3c77e2b0f1b9900397e3abc50","dc6bf61b6434c48a08d4767fa792e92ad71766b38d5546ecfa2c4ace25a5caaa","0c371d89c12f6bc79c45d66e0d04cc00c6c34a1065df600a71204004f8dd4d44","e9a2a440a963dfbb113c7e0b2f99a71c23b25450775069f620434b3cb11b4f73","7e69b08cbbe5d60155b418e50ec1f1c2cb67ac215997a7c1347cc002583c0238","5b7fec757669f54154a85e739f50243d6f68fa856dc1cfdc1765f8077a5e07c6","739d024e910d08e98c96671c90fca7f6f00fb14a029c02ad15b27537bc70a3fc","589e7b93864f3051b934a22424af11123fea0115ebcc8030b6f85bbc445c92b3","7c0489d195faa7eb6f983c0abc52a8df77a46123ebcf3e927074f7fd0faa65be","3d51c1dbe8edca4f4e5a4ae02911fe59267b301f2669a81d863cc4d514947613"],"uploadUrl":"https://upload-firebasehosting.googleapis.com/upload/sites/sagrabot/versions/4f47f0be592587f1/files"}
[debug] [2021-08-06T16:38:44.892Z] >>> [apiv2][query] POST https://upload-firebasehosting.googleapis.com/upload/sites/sagrabot/versions/4f47f0be592587f1/files/dd73430f17aee1616924080e5928fcbafe37963f6eafb8efd9e8d73d9f3c0c63 [none]
[debug] [2021-08-06T16:38:44.892Z] >>> [apiv2][body] POST https://upload-firebasehosting.googleapis.com/upload/sites/sagrabot/versions/4f47f0be592587f1/files/dd73430f17aee1616924080e5928fcbafe37963f6eafb8efd9e8d73d9f3c0c63 [stream]
[debug] [2021-08-06T16:38:44.893Z] >>> [apiv2][query] POST https://upload-firebasehosting.googleapis.com/upload/sites/sagrabot/versions/4f47f0be592587f1/files/ee22bee7f156e1452c5afca0732a97a855d23907e585dbe12b8790c8cab43e27 [none]
[debug] [2021-08-06T16:38:44.893Z] >>> [apiv2][body] POST https://upload-firebasehosting.googleapis.com/upload/sites/sagrabot/versions/4f47f0be592587f1/files/ee22bee7f156e1452c5afca0732a97a855d23907e585dbe12b8790c8cab43e27 [stream]
[debug] [2021-08-06T16:38:44.894Z] >>> [apiv2][query] POST https://upload-firebasehosting.googleapis.com/upload/sites/sagrabot/versions/4f47f0be592587f1/files/dd3bb800c953a6d33d903beeebebfbf98a39c6c2ed18802d0310085de757869f [none]
[debug] [2021-08-06T16:38:44.894Z] >>> [apiv2][body] POST https://upload-firebasehosting.googleapis.com/upload/sites/sagrabot/versions/4f47f0be592587f1/files/dd3bb800c953a6d33d903beeebebfbf98a39c6c2ed18802d0310085de757869f [stream]
[debug] [2021-08-06T16:38:44.895Z] >>> [apiv2][query] POST https://upload-firebasehosting.googleapis.com/upload/sites/sagrabot/versions/4f47f0be592587f1/files/ac90b798c87776ff8da98d89beb76edbdff511f3c77e2b0f1b9900397e3abc50 [none]
[debug] [2021-08-06T16:38:44.895Z] >>> [apiv2][body] POST https://upload-firebasehosting.googleapis.com/upload/sites/sagrabot/versions/4f47f0be592587f1/files/ac90b798c87776ff8da98d89beb76edbdff511f3c77e2b0f1b9900397e3abc50 [stream]
[debug] [2021-08-06T16:38:44.895Z] >>> [apiv2][query] POST https://upload-firebasehosting.googleapis.com/upload/sites/sagrabot/versions/4f47f0be592587f1/files/dc6bf61b6434c48a08d4767fa792e92ad71766b38d5546ecfa2c4ace25a5caaa [none]
[debug] [2021-08-06T16:38:44.895Z] >>> [apiv2][body] POST https://upload-firebasehosting.googleapis.com/upload/sites/sagrabot/versions/4f47f0be592587f1/files/dc6bf61b6434c48a08d4767fa792e92ad71766b38d5546ecfa2c4ace25a5caaa [stream]
[debug] [2021-08-06T16:38:44.896Z] >>> [apiv2][query] POST https://upload-firebasehosting.googleapis.com/upload/sites/sagrabot/versions/4f47f0be592587f1/files/0c371d89c12f6bc79c45d66e0d04cc00c6c34a1065df600a71204004f8dd4d44 [none]
[debug] [2021-08-06T16:38:44.896Z] >>> [apiv2][body] POST https://upload-firebasehosting.googleapis.com/upload/sites/sagrabot/versions/4f47f0be592587f1/files/0c371d89c12f6bc79c45d66e0d04cc00c6c34a1065df600a71204004f8dd4d44 [stream]
[debug] [2021-08-06T16:38:44.896Z] >>> [apiv2][query] POST https://upload-firebasehosting.googleapis.com/upload/sites/sagrabot/versions/4f47f0be592587f1/files/e9a2a440a963dfbb113c7e0b2f99a71c23b25450775069f620434b3cb11b4f73 [none]
[debug] [2021-08-06T16:38:44.896Z] >>> [apiv2][body] POST https://upload-firebasehosting.googleapis.com/upload/sites/sagrabot/versions/4f47f0be592587f1/files/e9a2a440a963dfbb113c7e0b2f99a71c23b25450775069f620434b3cb11b4f73 [stream]
[debug] [2021-08-06T16:38:44.899Z] >>> [apiv2][query] POST https://upload-firebasehosting.googleapis.com/upload/sites/sagrabot/versions/4f47f0be592587f1/files/7e69b08cbbe5d60155b418e50ec1f1c2cb67ac215997a7c1347cc002583c0238 [none]
[debug] [2021-08-06T16:38:44.899Z] >>> [apiv2][body] POST https://upload-firebasehosting.googleapis.com/upload/sites/sagrabot/versions/4f47f0be592587f1/files/7e69b08cbbe5d60155b418e50ec1f1c2cb67ac215997a7c1347cc002583c0238 [stream]
[debug] [2021-08-06T16:38:44.899Z] >>> [apiv2][query] POST https://upload-firebasehosting.googleapis.com/upload/sites/sagrabot/versions/4f47f0be592587f1/files/5b7fec757669f54154a85e739f50243d6f68fa856dc1cfdc1765f8077a5e07c6 [none]
[debug] [2021-08-06T16:38:44.899Z] >>> [apiv2][body] POST https://upload-firebasehosting.googleapis.com/upload/sites/sagrabot/versions/4f47f0be592587f1/files/5b7fec757669f54154a85e739f50243d6f68fa856dc1cfdc1765f8077a5e07c6 [stream]
[debug] [2021-08-06T16:38:44.900Z] >>> [apiv2][query] POST https://upload-firebasehosting.googleapis.com/upload/sites/sagrabot/versions/4f47f0be592587f1/files/739d024e910d08e98c96671c90fca7f6f00fb14a029c02ad15b27537bc70a3fc [none]
[debug] [2021-08-06T16:38:44.900Z] >>> [apiv2][body] POST https://upload-firebasehosting.googleapis.com/upload/sites/sagrabot/versions/4f47f0be592587f1/files/739d024e910d08e98c96671c90fca7f6f00fb14a029c02ad15b27537bc70a3fc [stream]
[debug] [2021-08-06T16:38:44.900Z] >>> [apiv2][query] POST https://upload-firebasehosting.googleapis.com/upload/sites/sagrabot/versions/4f47f0be592587f1/files/589e7b93864f3051b934a22424af11123fea0115ebcc8030b6f85bbc445c92b3 [none]
[debug] [2021-08-06T16:38:44.900Z] >>> [apiv2][body] POST https://upload-firebasehosting.googleapis.com/upload/sites/sagrabot/versions/4f47f0be592587f1/files/589e7b93864f3051b934a22424af11123fea0115ebcc8030b6f85bbc445c92b3 [stream]
[debug] [2021-08-06T16:38:44.901Z] >>> [apiv2][query] POST https://upload-firebasehosting.googleapis.com/upload/sites/sagrabot/versions/4f47f0be592587f1/files/7c0489d195faa7eb6f983c0abc52a8df77a46123ebcf3e927074f7fd0faa65be [none]
[debug] [2021-08-06T16:38:44.901Z] >>> [apiv2][body] POST https://upload-firebasehosting.googleapis.com/upload/sites/sagrabot/versions/4f47f0be592587f1/files/7c0489d195faa7eb6f983c0abc52a8df77a46123ebcf3e927074f7fd0faa65be [stream]
[debug] [2021-08-06T16:38:44.901Z] >>> [apiv2][query] POST https://upload-firebasehosting.googleapis.com/upload/sites/sagrabot/versions/4f47f0be592587f1/files/3d51c1dbe8edca4f4e5a4ae02911fe59267b301f2669a81d863cc4d514947613 [none]
[debug] [2021-08-06T16:38:44.901Z] >>> [apiv2][body] POST https://upload-firebasehosting.googleapis.com/upload/sites/sagrabot/versions/4f47f0be592587f1/files/3d51c1dbe8edca4f4e5a4ae02911fe59267b301f2669a81d863cc4d514947613 [stream]
[debug] [2021-08-06T16:38:44.902Z] [hosting][populate queue][FINAL] {"max":1962,"min":1962,"avg":1962,"active":0,"complete":1,"success":1,"errored":0,"retried":0,"total":1,"elapsed":1972}
[debug] [2021-08-06T16:38:44.902Z] [hosting] uploads queued: 13
[debug] [2021-08-06T16:38:46.289Z] <<< [apiv2][status] POST https://upload-firebasehosting.googleapis.com/upload/sites/sagrabot/versions/4f47f0be592587f1/files/ee22bee7f156e1452c5afca0732a97a855d23907e585dbe12b8790c8cab43e27 200
[debug] [2021-08-06T16:38:46.290Z] <<< [apiv2][body] POST https://upload-firebasehosting.googleapis.com/upload/sites/sagrabot/versions/4f47f0be592587f1/files/ee22bee7f156e1452c5afca0732a97a855d23907e585dbe12b8790c8cab43e27 [stream]
[debug] [2021-08-06T16:38:46.459Z] <<< [apiv2][status] POST https://upload-firebasehosting.googleapis.com/upload/sites/sagrabot/versions/4f47f0be592587f1/files/ac90b798c87776ff8da98d89beb76edbdff511f3c77e2b0f1b9900397e3abc50 200
[debug] [2021-08-06T16:38:46.459Z] <<< [apiv2][body] POST https://upload-firebasehosting.googleapis.com/upload/sites/sagrabot/versions/4f47f0be592587f1/files/ac90b798c87776ff8da98d89beb76edbdff511f3c77e2b0f1b9900397e3abc50 [stream]
[debug] [2021-08-06T16:38:46.504Z] <<< [apiv2][status] POST https://upload-firebasehosting.googleapis.com/upload/sites/sagrabot/versions/4f47f0be592587f1/files/0c371d89c12f6bc79c45d66e0d04cc00c6c34a1065df600a71204004f8dd4d44 200
[debug] [2021-08-06T16:38:46.506Z] <<< [apiv2][body] POST https://upload-firebasehosting.googleapis.com/upload/sites/sagrabot/versions/4f47f0be592587f1/files/0c371d89c12f6bc79c45d66e0d04cc00c6c34a1065df600a71204004f8dd4d44 [stream]
[debug] [2021-08-06T16:38:46.507Z] <<< [apiv2][status] POST https://upload-firebasehosting.googleapis.com/upload/sites/sagrabot/versions/4f47f0be592587f1/files/5b7fec757669f54154a85e739f50243d6f68fa856dc1cfdc1765f8077a5e07c6 200
[debug] [2021-08-06T16:38:46.507Z] <<< [apiv2][body] POST https://upload-firebasehosting.googleapis.com/upload/sites/sagrabot/versions/4f47f0be592587f1/files/5b7fec757669f54154a85e739f50243d6f68fa856dc1cfdc1765f8077a5e07c6 [stream]
[debug] [2021-08-06T16:38:46.655Z] <<< [apiv2][status] POST https://upload-firebasehosting.googleapis.com/upload/sites/sagrabot/versions/4f47f0be592587f1/files/dd3bb800c953a6d33d903beeebebfbf98a39c6c2ed18802d0310085de757869f 200
[debug] [2021-08-06T16:38:46.656Z] <<< [apiv2][body] POST https://upload-firebasehosting.googleapis.com/upload/sites/sagrabot/versions/4f47f0be592587f1/files/dd3bb800c953a6d33d903beeebebfbf98a39c6c2ed18802d0310085de757869f [stream]
[debug] [2021-08-06T16:38:46.698Z] <<< [apiv2][status] POST https://upload-firebasehosting.googleapis.com/upload/sites/sagrabot/versions/4f47f0be592587f1/files/7e69b08cbbe5d60155b418e50ec1f1c2cb67ac215997a7c1347cc002583c0238 200
[debug] [2021-08-06T16:38:46.698Z] <<< [apiv2][body] POST https://upload-firebasehosting.googleapis.com/upload/sites/sagrabot/versions/4f47f0be592587f1/files/7e69b08cbbe5d60155b418e50ec1f1c2cb67ac215997a7c1347cc002583c0238 [stream]
[debug] [2021-08-06T16:38:46.997Z] <<< [apiv2][status] POST https://upload-firebasehosting.googleapis.com/upload/sites/sagrabot/versions/4f47f0be592587f1/files/589e7b93864f3051b934a22424af11123fea0115ebcc8030b6f85bbc445c92b3 200
[debug] [2021-08-06T16:38:46.997Z] <<< [apiv2][body] POST https://upload-firebasehosting.googleapis.com/upload/sites/sagrabot/versions/4f47f0be592587f1/files/589e7b93864f3051b934a22424af11123fea0115ebcc8030b6f85bbc445c92b3 [stream]
[debug] [2021-08-06T16:38:47.044Z] <<< [apiv2][status] POST https://upload-firebasehosting.googleapis.com/upload/sites/sagrabot/versions/4f47f0be592587f1/files/dc6bf61b6434c48a08d4767fa792e92ad71766b38d5546ecfa2c4ace25a5caaa 200
[debug] [2021-08-06T16:38:47.044Z] <<< [apiv2][body] POST https://upload-firebasehosting.googleapis.com/upload/sites/sagrabot/versions/4f47f0be592587f1/files/dc6bf61b6434c48a08d4767fa792e92ad71766b38d5546ecfa2c4ace25a5caaa [stream]
[debug] [2021-08-06T16:38:47.205Z] <<< [apiv2][status] POST https://upload-firebasehosting.googleapis.com/upload/sites/sagrabot/versions/4f47f0be592587f1/files/739d024e910d08e98c96671c90fca7f6f00fb14a029c02ad15b27537bc70a3fc 200
[debug] [2021-08-06T16:38:47.205Z] <<< [apiv2][body] POST https://upload-firebasehosting.googleapis.com/upload/sites/sagrabot/versions/4f47f0be592587f1/files/739d024e910d08e98c96671c90fca7f6f00fb14a029c02ad15b27537bc70a3fc [stream]
[debug] [2021-08-06T16:38:47.238Z] <<< [apiv2][status] POST https://upload-firebasehosting.googleapis.com/upload/sites/sagrabot/versions/4f47f0be592587f1/files/e9a2a440a963dfbb113c7e0b2f99a71c23b25450775069f620434b3cb11b4f73 200
[debug] [2021-08-06T16:38:47.238Z] <<< [apiv2][body] POST https://upload-firebasehosting.googleapis.com/upload/sites/sagrabot/versions/4f47f0be592587f1/files/e9a2a440a963dfbb113c7e0b2f99a71c23b25450775069f620434b3cb11b4f73 [stream]
[debug] [2021-08-06T16:38:48.312Z] <<< [apiv2][status] POST https://upload-firebasehosting.googleapis.com/upload/sites/sagrabot/versions/4f47f0be592587f1/files/7c0489d195faa7eb6f983c0abc52a8df77a46123ebcf3e927074f7fd0faa65be 200
[debug] [2021-08-06T16:38:48.313Z] <<< [apiv2][body] POST https://upload-firebasehosting.googleapis.com/upload/sites/sagrabot/versions/4f47f0be592587f1/files/7c0489d195faa7eb6f983c0abc52a8df77a46123ebcf3e927074f7fd0faa65be [stream]
[debug] [2021-08-06T16:38:56.556Z] <<< [apiv2][status] POST https://upload-firebasehosting.googleapis.com/upload/sites/sagrabot/versions/4f47f0be592587f1/files/3d51c1dbe8edca4f4e5a4ae02911fe59267b301f2669a81d863cc4d514947613 200
[debug] [2021-08-06T16:38:56.558Z] <<< [apiv2][body] POST https://upload-firebasehosting.googleapis.com/upload/sites/sagrabot/versions/4f47f0be592587f1/files/3d51c1dbe8edca4f4e5a4ae02911fe59267b301f2669a81d863cc4d514947613 [stream]
